Name : Nathanael Smitham MD
First Name : Carolanne
Last Name : Beer
Street Address : 01361 Liliana Drive
Phone : 618-200-2614
SSN : 190-41-6283
Credit Card : 6709689550294434
IBAN : SE2637409457288929271601
Email : tierra.nitzsche@gmail.com
That’s life, you know, we never end up where you thought you wanted to be.Wait For it
Harry, suffering like this proves you are still a man! This pain is part of being human … the fact that you can feel pain like this is your greatest strength.
Sure I peed on her. And if I had to, I’d pee on any one of you!
The future is scary but you can’t just run back to the past because it’s familiar.Patent Pending
Winter is coming.
It is the unknown we fear when we look upon death and darkness, nothing more.
That’s life, you know, we never end up where you thought you wanted to be.Patent Pending
You sort of start thinking anything’s possible if you’ve got enough nerve.
Every flight begins with a fall.
It’s just, eventually we’re all gonna move on. It’s called growing up.Just… O.K?
I'm Monica. I’m disgusting. I stalk guys and keep their underpants.
After all this time? Always.
We’re going to get older whether we like it or not, so the only question is whether we get on with our lives, or desperately cling to the past.Suit Up
We could all have been killed - or worse, expelled.
Forty-two to twenty-one! Like the turkey, Ross is done!
It’s just, eventually we’re all gonna move on. It’s called growing up.But… umm
When the snows fall and the white winds blow, the lone wolf dies but the pack survives.
Happiness can be found even in the darkest of times if only one remembers to turn on the light.
The future is scary but you can’t just run back to the past because it’s familiar.Where’s the poop?
Happiness can be found even in the darkest of times if only one remembers to turn on the light.
Some old wounds never truly heal, and bleed again at the slightest word.
Because sometimes even if you know how something’s gonna end that doesn’t mean you can’t enjoy the ride.Patent Pending
I'm Monica. I’m disgusting. I stalk guys and keep their underpants.
I solemnly swear I am up to no good.
Look, you can’t design your life like a building. It doesn’t work that way. You just have to live it… and it’ll design itself.That’s the Dream
Happiness can be found even in the darkest of times if only one remembers to turn on the light.
It’s a moo point. It’s like a cow’s opinion; it doesn’t matter. It’s moo.
Revenge fantasies never work out the way you want.What Up
Power is a curious thing. Who lives, Who dies. Power resides where men believe it resides. It is a trick, A shadow on the wall.
Never trust anything that can think for itself if you can't see where it keeps its brain.
Revenge fantasies never work out the way you want.Just… O.K?
Happiness can be found even in the darkest of times if only one remembers to turn on the light.
The North remembers.
Because sometimes even if you know how something’s gonna end that doesn’t mean you can’t enjoy the ride.That’s the Dream
SEVEN! SEVEN! SEVEN!
Words are in my not-so-humble opinion, the most inexhaustible form of magic we have, capable both of inflicting injury and remedying it.
The future is scary but you can’t just run back to the past because it’s familiar.What Up
We could all have been killed - or worse, expelled.
